<?xml version="1.0" encoding="UTF-8"?>
<!-- Generated by org.testng.reporters.JUnitXMLReporter -->
<testsuite hostname="ASL-BLR-LT-0014" ignored="0" name="Default test" tests="10" failures="0" timestamp="11 May 2021 12:22:43 GMT" time="0.171" errors="0">
  <testcase name="@BeforeClass appLogin" time="0.031" classname="Test.com.Generic">
    <failure type="java.lang.NoClassDefFoundError" message="freemarker/template/TemplateModelException">
      <![CDATA[java.lang.NoClassDefFoundError: freemarker/template/TemplateModelException
at Test.com.Generic.appLogin(Generic.java:35)
at sun.reflect.NativeMethodAccessorImpl.invoke0(Native Method)
at sun.reflect.NativeMethodAccessorImpl.invoke(NativeMethodAccessorImpl.java:62)
at sun.reflect.DelegatingMethodAccessorImpl.invoke(DelegatingMethodAccessorImpl.java:43)
at java.lang.reflect.Method.invoke(Method.java:498)
at org.testng.internal.MethodInvocationHelper.invokeMethod(MethodInvocationHelper.java:124)
at org.testng.internal.MethodInvocationHelper.invokeMethodConsideringTimeout(MethodInvocationHelper.java:59)
at org.testng.internal.Invoker.invokeConfigurationMethod(Invoker.java:458)
at org.testng.internal.Invoker.invokeConfigurations(Invoker.java:222)
at org.testng.internal.Invoker.invokeConfigurations(Invoker.java:142)
at org.testng.internal.TestMethodWorker.invokeBeforeClassMethods(TestMethodWorker.java:168)
at org.testng.internal.TestMethodWorker.run(TestMethodWorker.java:105)
at org.testng.TestRunner.privateRun(TestRunner.java:648)
at org.testng.TestRunner.run(TestRunner.java:505)
at org.testng.SuiteRunner.runTest(SuiteRunner.java:455)
at org.testng.SuiteRunner.runSequentially(SuiteRunner.java:450)
at org.testng.SuiteRunner.privateRun(SuiteRunner.java:415)
at org.testng.SuiteRunner.run(SuiteRunner.java:364)
at org.testng.SuiteRunnerWorker.runSuite(SuiteRunnerWorker.java:52)
at org.testng.SuiteRunnerWorker.run(SuiteRunnerWorker.java:84)
at org.testng.TestNG.runSuitesSequentially(TestNG.java:1208)
at org.testng.TestNG.runSuitesLocally(TestNG.java:1137)
at org.testng.TestNG.runSuites(TestNG.java:1049)
at org.testng.TestNG.run(TestNG.java:1017)
at org.testng.remote.AbstractRemoteTestNG.run(AbstractRemoteTestNG.java:114)
at org.testng.remote.RemoteTestNG.initAndRun(RemoteTestNG.java:251)
at org.testng.remote.RemoteTestNG.main(RemoteTestNG.java:77)
Caused by: java.lang.ClassNotFoundException: freemarker.template.TemplateModelException
at java.net.URLClassLoader.findClass(URLClassLoader.java:382)
at java.lang.ClassLoader.loadClass(ClassLoader.java:424)
at sun.misc.Launcher$AppClassLoader.loadClass(Launcher.java:349)
at java.lang.ClassLoader.loadClass(ClassLoader.java:357)
... 27 more
]]>
    </failure>
  </testcase> <!-- @BeforeClass appLogin -->
  <testcase name="@AfterClass appLogOut" time="0.0" classname="Test.com.Generic">
    <skipped/>
  </testcase> <!-- @AfterClass appLogOut -->
  <testcase name="validLogin" time="0.0" classname="Test.com.TC_TB">
    <skipped/>
  </testcase> <!-- validLogin -->
  <testcase name="check_Navigating_to_Book_Item_Page" time="0.0" classname="Test.com.TC_TB">
    <skipped/>
  </testcase> <!-- check_Navigating_to_Book_Item_Page -->
  <testcase name="isList_isEmpty" time="0.0" classname="Test.com.TC_TB">
    <skipped/>
  </testcase> <!-- isList_isEmpty -->
  <testcase name="to_Check_Check_Box_isSelected_First_Item" time="0.0" classname="Test.com.TC_TB">
    <skipped/>
  </testcase> <!-- to_Check_Check_Box_isSelected_First_Item -->
  <testcase name="to_Check_Check_Box_isEnabled_First_Item" time="0.0" classname="Test.com.TC_TB">
    <skipped/>
  </testcase> <!-- to_Check_Check_Box_isEnabled_First_Item -->
  <testcase name="to_Check_Check_Box_isClickable_First_Item" time="0.0" classname="Test.com.TC_TB">
    <skipped/>
  </testcase> <!-- to_Check_Check_Box_isClickable_First_Item -->
  <testcase name="to_More_Option_isDisplayed_First_Item" time="0.0" classname="Test.com.TC_TB">
    <skipped/>
  </testcase> <!-- to_More_Option_isDisplayed_First_Item -->
  <testcase name="to_Check_More_Option_isEnabled_First_Item" time="0.0" classname="Test.com.TC_TB">
    <skipped/>
  </testcase> <!-- to_Check_More_Option_isEnabled_First_Item -->
  <testcase name="to_Check_Mark_as_Inactive_isDisplyed_First_Item" time="0.0" classname="Test.com.TC_TB">
    <skipped/>
  </testcase> <!-- to_Check_Mark_as_Inactive_isDisplyed_First_Item -->
  <testcase name="to_Check_in_Inactive_Services" time="0.0" classname="Test.com.TC_TB">
    <skipped/>
  </testcase> <!-- to_Check_in_Inactive_Services -->
</testsuite> <!-- Default test -->
