<?xml version="1.0" encoding="UTF-8"?>
<testng-results skipped="0" failed="0" ignored="0" total="10" passed="10">
  <reporter-output>
  </reporter-output>
  <suite name="Default suite" duration-ms="72067" started-at="2021-05-06T12:41:12Z" finished-at="2021-05-06T12:42:24Z">
    <groups>
    </groups>
    <test name="Default test" duration-ms="72067" started-at="2021-05-06T12:41:12Z" finished-at="2021-05-06T12:42:24Z">
      <class name="Test.com.TC_TB">
        <test-method status="PASS" signature="appLogin()[pri:0, instance:Test.com.TC_TB@735b5592]" name="appLogin" is-config="true" duration-ms="29286" started-at="2021-05-06T12:41:12Z" finished-at="2021-05-06T12:41:41Z">
          <reporter-output>
          </reporter-output>
        </test-method> <!-- appLogin -->
        <test-method status="PASS" signature="validLogin()[pri:1, instance:Test.com.TC_TB@735b5592]" name="validLogin" duration-ms="5062" started-at="2021-05-06T12:41:41Z" finished-at="2021-05-06T12:41:46Z">
          <reporter-output>
          </reporter-output>
        </test-method> <!-- validLogin -->
        <test-method status="PASS" signature="check_Navigating_to_Book_Item_Page()[pri:2, instance:Test.com.TC_TB@735b5592]" name="check_Navigating_to_Book_Item_Page" duration-ms="3940" started-at="2021-05-06T12:41:46Z" depends-on-methods="Test.com.TC_TB.validLogin" finished-at="2021-05-06T12:41:50Z">
          <reporter-output>
          </reporter-output>
        </test-method> <!-- check_Navigating_to_Book_Item_Page -->
        <test-method status="PASS" signature="isList_isEmpty()[pri:3, instance:Test.com.TC_TB@735b5592]" name="isList_isEmpty" duration-ms="1930" started-at="2021-05-06T12:41:50Z" depends-on-methods="Test.com.TC_TB.check_Navigating_to_Book_Item_Page" finished-at="2021-05-06T12:41:52Z">
          <reporter-output>
          </reporter-output>
        </test-method> <!-- isList_isEmpty -->
        <test-method status="PASS" signature="to_Check_Check_Box_isSelected_First_Item()[pri:4, instance:Test.com.TC_TB@735b5592]" name="to_Check_Check_Box_isSelected_First_Item" duration-ms="70" started-at="2021-05-06T12:41:52Z" depends-on-methods="Test.com.TC_TB.isList_isEmpty" finished-at="2021-05-06T12:41:52Z">
          <reporter-output>
          </reporter-output>
        </test-method> <!-- to_Check_Check_Box_isSelected_First_Item -->
        <test-method status="PASS" signature="to_Check_Check_Box_isEnabled_First_Item()[pri:5, instance:Test.com.TC_TB@735b5592]" name="to_Check_Check_Box_isEnabled_First_Item" duration-ms="60" started-at="2021-05-06T12:41:52Z" depends-on-methods="Test.com.TC_TB.isList_isEmpty" finished-at="2021-05-06T12:41:52Z">
          <reporter-output>
          </reporter-output>
        </test-method> <!-- to_Check_Check_Box_isEnabled_First_Item -->
        <test-method status="PASS" signature="to_Check_Check_Box_isClickable_First_Item()[pri:6, instance:Test.com.TC_TB@735b5592]" name="to_Check_Check_Box_isClickable_First_Item" duration-ms="365" started-at="2021-05-06T12:41:52Z" depends-on-methods="Test.com.TC_TB.isList_isEmpty" finished-at="2021-05-06T12:41:52Z">
          <reporter-output>
          </reporter-output>
        </test-method> <!-- to_Check_Check_Box_isClickable_First_Item -->
        <test-method status="PASS" signature="to_More_Option_isDisplayed_First_Item()[pri:7, instance:Test.com.TC_TB@735b5592]" name="to_More_Option_isDisplayed_First_Item" duration-ms="180" started-at="2021-05-06T12:41:52Z" depends-on-methods="Test.com.TC_TB.isList_isEmpty" finished-at="2021-05-06T12:41:53Z">
          <reporter-output>
          </reporter-output>
        </test-method> <!-- to_More_Option_isDisplayed_First_Item -->
        <test-method status="PASS" signature="to_Check_More_Option_isEnabled_First_Item()[pri:8, instance:Test.com.TC_TB@735b5592]" name="to_Check_More_Option_isEnabled_First_Item" duration-ms="50" started-at="2021-05-06T12:41:53Z" depends-on-methods="Test.com.TC_TB.isList_isEmpty" finished-at="2021-05-06T12:41:53Z">
          <reporter-output>
          </reporter-output>
        </test-method> <!-- to_Check_More_Option_isEnabled_First_Item -->
        <test-method status="PASS" signature="to_Check_Mark_as_Inactive_isDisplyed_First_Item()[pri:9, instance:Test.com.TC_TB@735b5592]" name="to_Check_Mark_as_Inactive_isDisplyed_First_Item" duration-ms="285" started-at="2021-05-06T12:41:53Z" depends-on-methods="Test.com.TC_TB.isList_isEmpty" finished-at="2021-05-06T12:41:53Z">
          <reporter-output>
          </reporter-output>
        </test-method> <!-- to_Check_Mark_as_Inactive_isDisplyed_First_Item -->
        <test-method status="PASS" signature="to_Check_in_Inactive_Services()[pri:11, instance:Test.com.TC_TB@735b5592]" name="to_Check_in_Inactive_Services" duration-ms="520" started-at="2021-05-06T12:41:53Z" depends-on-methods="Test.com.TC_TB.isList_isEmpty" finished-at="2021-05-06T12:41:53Z">
          <reporter-output>
          </reporter-output>
        </test-method> <!-- to_Check_in_Inactive_Services -->
        <test-method status="FAIL" signature="appLogOut()[pri:0, instance:Test.com.TC_TB@735b5592]" name="appLogOut" is-config="true" duration-ms="30207" started-at="2021-05-06T12:41:53Z" finished-at="2021-05-06T12:42:24Z">
          <exception class="org.openqa.selenium.ElementNotInteractableException">
            <message>
              <![CDATA[element not interactable
  (Session info: chrome=90.0.4430.93)
Build info: version: '3.141.59', revision: 'e82be7d358', time: '2018-11-14T08:25:53'
System info: host: 'ASL-BLR-LT-0014', ip: '192.168.225.177', os.name: 'Windows 7', os.arch: 'amd64', os.version: '6.1', java.version: '1.8.0_201'
Driver info: org.openqa.selenium.chrome.ChromeDriver
Capabilities {acceptInsecureCerts: false, browserName: chrome, browserVersion: 90.0.4430.93, chrome: {chromedriverVersion: 90.0.4430.24 (4c6d850f087da..., userDataDir: C:\Users\SANGAM~1\AppData\L...}, goog:chromeOptions: {debuggerAddress: localhost:52977}, javascriptEnabled: true, networkConnectionEnabled: false, pageLoadStrategy: normal, platform: WINDOWS, platformName: WINDOWS, proxy: Proxy(), setWindowRect: true, strictFileInteractability: false, timeouts: {implicit: 0, pageLoad: 300000, script: 30000}, unhandledPromptBehavior: dismiss and notify, webauthn:extension:largeBlob: true, webauthn:virtualAuthenticators: true}
Session ID: 3f377b5c01e0db1456e8e33f0daac5f0]]>
            </message>
            <full-stacktrace>
              <![CDATA[org.openqa.selenium.ElementNotInteractableException: element not interactable
  (Session info: chrome=90.0.4430.93)
Build info: version: '3.141.59', revision: 'e82be7d358', time: '2018-11-14T08:25:53'
System info: host: 'ASL-BLR-LT-0014', ip: '192.168.225.177', os.name: 'Windows 7', os.arch: 'amd64', os.version: '6.1', java.version: '1.8.0_201'
Driver info: org.openqa.selenium.chrome.ChromeDriver
Capabilities {acceptInsecureCerts: false, browserName: chrome, browserVersion: 90.0.4430.93, chrome: {chromedriverVersion: 90.0.4430.24 (4c6d850f087da..., userDataDir: C:\Users\SANGAM~1\AppData\L...}, goog:chromeOptions: {debuggerAddress: localhost:52977}, javascriptEnabled: true, networkConnectionEnabled: false, pageLoadStrategy: normal, platform: WINDOWS, platformName: WINDOWS, proxy: Proxy(), setWindowRect: true, strictFileInteractability: false, timeouts: {implicit: 0, pageLoad: 300000, script: 30000}, unhandledPromptBehavior: dismiss and notify, webauthn:extension:largeBlob: true, webauthn:virtualAuthenticators: true}
Session ID: 3f377b5c01e0db1456e8e33f0daac5f0
at sun.reflect.NativeConstructorAccessorImpl.newInstance0(Native Method)
at sun.reflect.NativeConstructorAccessorImpl.newInstance(NativeConstructorAccessorImpl.java:62)
at sun.reflect.DelegatingConstructorAccessorImpl.newInstance(DelegatingConstructorAccessorImpl.java:45)
at java.lang.reflect.Constructor.newInstance(Constructor.java:423)
at org.openqa.selenium.remote.http.W3CHttpResponseCodec.createException(W3CHttpResponseCodec.java:187)
at org.openqa.selenium.remote.http.W3CHttpResponseCodec.decode(W3CHttpResponseCodec.java:122)
at org.openqa.selenium.remote.http.W3CHttpResponseCodec.decode(W3CHttpResponseCodec.java:49)
at org.openqa.selenium.remote.HttpCommandExecutor.execute(HttpCommandExecutor.java:158)
at org.openqa.selenium.remote.service.DriverCommandExecutor.execute(DriverCommandExecutor.java:83)
at org.openqa.selenium.remote.RemoteWebDriver.execute(RemoteWebDriver.java:552)
at org.openqa.selenium.remote.RemoteWebElement.execute(RemoteWebElement.java:285)
at org.openqa.selenium.remote.RemoteWebElement.click(RemoteWebElement.java:84)
at Test.com.Generic.appLogOut(Generic.java:54)
at sun.reflect.NativeMethodAccessorImpl.invoke0(Native Method)
at sun.reflect.NativeMethodAccessorImpl.invoke(NativeMethodAccessorImpl.java:62)
at sun.reflect.DelegatingMethodAccessorImpl.invoke(DelegatingMethodAccessorImpl.java:43)
at java.lang.reflect.Method.invoke(Method.java:498)
at org.testng.internal.MethodInvocationHelper.invokeMethod(MethodInvocationHelper.java:124)
at org.testng.internal.MethodInvocationHelper.invokeMethodConsideringTimeout(MethodInvocationHelper.java:59)
at org.testng.internal.Invoker.invokeConfigurationMethod(Invoker.java:458)
at org.testng.internal.Invoker.invokeConfigurations(Invoker.java:222)
at org.testng.internal.Invoker.invokeConfigurations(Invoker.java:142)
at org.testng.internal.TestMethodWorker.invokeAfterClassMethods(TestMethodWorker.java:214)
at org.testng.internal.TestMethodWorker.run(TestMethodWorker.java:111)
at org.testng.TestRunner.privateRun(TestRunner.java:648)
at org.testng.TestRunner.run(TestRunner.java:505)
at org.testng.SuiteRunner.runTest(SuiteRunner.java:455)
at org.testng.SuiteRunner.runSequentially(SuiteRunner.java:450)
at org.testng.SuiteRunner.privateRun(SuiteRunner.java:415)
at org.testng.SuiteRunner.run(SuiteRunner.java:364)
at org.testng.SuiteRunnerWorker.runSuite(SuiteRunnerWorker.java:52)
at org.testng.SuiteRunnerWorker.run(SuiteRunnerWorker.java:84)
at org.testng.TestNG.runSuitesSequentially(TestNG.java:1208)
at org.testng.TestNG.runSuitesLocally(TestNG.java:1137)
at org.testng.TestNG.runSuites(TestNG.java:1049)
at org.testng.TestNG.run(TestNG.java:1017)
at org.testng.remote.AbstractRemoteTestNG.run(AbstractRemoteTestNG.java:114)
at org.testng.remote.RemoteTestNG.initAndRun(RemoteTestNG.java:251)
at org.testng.remote.RemoteTestNG.main(RemoteTestNG.java:77)
]]>
            </full-stacktrace>
          </exception> <!-- org.openqa.selenium.ElementNotInteractableException -->
          <reporter-output>
          </reporter-output>
        </test-method> <!-- appLogOut -->
      </class> <!-- Test.com.TC_TB -->
    </test> <!-- Default test -->
  </suite> <!-- Default suite -->
</testng-results>
